Base path: /Applications/Unity/Unity.app/Contents
Cmd: initializeCompiler
Cmd: preprocess
  insize=3079 outsize=301 ok=1
Cmd: preprocess
  insize=2963 outsize=388 ok=1
Cmd: preprocess
  insize=2542 outsize=276 ok=1
Cmd: preprocess
  insize=2582 outsize=368 ok=1
Cmd: compileCompute
  api=14 insize=1382 outsize=5449 ok=1
Cmd: compileCompute
  api=15 insize=1382 outsize=9633 ok=1
Cmd: compileCompute
  api=15 insize=1382 outsize=9633 ok=1
Cmd: preprocess
  insize=3618 outsize=353 ok=1
Cmd: preprocess
  insize=5780 outsize=1782 ok=1
Cmd: compileCompute
  api=14 insize=3176 outsize=11845 ok=1
Cmd: compileCompute
  api=15 insize=3176 outsize=22197 ok=1
Cmd: compileCompute
  api=15 insize=3176 outsize=22197 ok=1
Cmd: preprocess
  insize=2188 outsize=281 ok=1
Cmd: preprocess
  insize=1120 outsize=1042 ok=1
Cmd: preprocess
  insize=31310 outsize=1466 ok=1
Cmd: preprocess
  insize=2601 outsize=1306 ok=1
Cmd: preprocess
  insize=7066 outsize=798 ok=1
Cmd: preprocess
  insize=934 outsize=279 ok=1
Cmd: preprocess
  insize=6596 outsize=468 ok=1
Cmd: preprocess
  insize=1868 outsize=283 ok=1
Cmd: preprocess
  insize=11336 outsize=651 ok=1
Cmd: preprocess
  insize=2431 outsize=468 ok=1
Cmd: preprocess
  insize=4145 outsize=528 ok=1
Cmd: compileCompute
  api=14 insize=1480 outsize=5409 ok=1
Cmd: compileCompute
  api=15 insize=1480 outsize=7293 ok=1
Cmd: compileCompute
  api=15 insize=1480 outsize=7293 ok=1
Cmd: preprocess
  insize=5415 outsize=2549 ok=1
Cmd: preprocess
  insize=1652 outsize=346 ok=1
Cmd: preprocess
  insize=3309 outsize=229 ok=1
Cmd: compileCompute
  api=14 insize=2283 outsize=3617 ok=1
Cmd: compileCompute
  api=15 insize=2283 outsize=5505 ok=1
Cmd: compileCompute
  api=15 insize=2283 outsize=5505 ok=1
Cmd: preprocess
  insize=3314 outsize=1462 ok=1
Cmd: preprocess
  insize=1893 outsize=902 ok=1
